
09 February 2024 07:51:10 - Задача "knlknk" была Открыто
09 February 2024 07:51:11 - Задача "knlknk" была Закрыто
09 February 2024 10:11:11 - Задача "knlknk" была Открыто
09 February 2024 10:11:12 - Задача "knlknk" была Закрыто
09 February 2024 10:11:13 - Задача "knlknk" была Открыто
09 February 2024 10:11:14 - Задача "knlknk" была Закрыто
09 February 2024 10:11:15 - Задача "knlknk" была Открыто
09 February 2024 10:11:16 - Задача "knlknk" была Закрыто
09 February 2024 10:11:16 - Задача "re ferf" была Закрыто
09 February 2024 10:11:19 - Задача "пк укп куп ку" была Закрыто
09 February 2024 10:11:22 - Задача "уп купук пук пку" была Закрыто
09 February 2024 10:11:23 - Задача "куа ука " была Закрыто
09 February 2024 10:11:25 - Задача "re ferf" была Открыто
09 February 2024 10:11:26 - Задача "asdk fjufhvnhvnhv v " была Закрыто
09 February 2024 10:11:28 - Задача "пк укп куп ку" была Открыто
09 February 2024 10:11:29 - Задача "куа ука " была Открыто
09 February 2024 10:13:28 - Задача "куа ука " была Закрыто
09 February 2024 10:13:30 - Задача "пк укп куп ку" была Закрыто
09 February 2024 10:13:32 - Задача "asdk fjufhvnhvnhv v " была Открыто
09 February 2024 10:14:28 - Задача "re ferf" была Закрыто
09 February 2024 10:14:29 - Задача "re ferf" была Открыто
09 February 2024 10:14:30 - Задача "re ferf" была Закрыто
09 February 2024 10:14:31 - Задача "re ferf" была Открыто
09 February 2024 10:17:38 - Задача "уп купук пук пку" была Открыто
09 February 2024 10:17:38 - Задача "уп купук пук пку" была Закрыто
09 February 2024 10:17:40 - Задача "уп купук пук пку" была Открыто
09 February 2024 10:17:41 - Задача "уп купук пук пку" была Закрыто
09 February 2024 10:18:48 - Задача "耐热健康嗯任副热锅" была Закрыто
09 February 2024 10:18:49 - Задача "个和如果和评为俄方努力把" была Закрыто
09 February 2024 10:18:51 - Задача "功能可经人工耳蜗个" была Закрыто
09 February 2024 10:30:59 - Задача "任南京各刊物阿胶人嗯" была Закрыто
09 February 2024 10:31:01 - Задача "任南京各刊物阿胶人嗯" была Открыто
09 February 2024 10:31:03 - Задача "个和如果和评为俄方努力把" была Открыто
09 February 2024 10:37:35 - Задача "rejnkjre ngkjren gjre ngre ng" была Закрыто
09 February 2024 10:40:16 - Задача "耐热健康嗯任副热锅" была Открыто
09 February 2024 10:40:17 - Задача "耐热健康嗯任副热锅" была Закрыто
09 February 2024 10:47:48 - Задача "热韩国哦ir个itg俄进入各类如果欸人国家w;egdrgnjrgg热锅热热锅热个人体会为人体哦infrejf热锅iwegj人提供我ig为iteogwjeig为哦个欸国家诶喔人均高为iejg他如果他如果俄国我国台湾通过为俄国为俄国为俄国维尔戈俄国他个人提供二个" была Закрыто
09 February 2024 10:47:52 - Задача "热韩国哦ir个itg俄进入各类如果欸人国家w;egdrgnjrgg热锅热热锅热个人体会为人体哦infrejf热锅iwegj人提供我ig为iteogwjeig为哦个欸国家诶喔人均高为iejg他如果他如果俄国我国台湾通过为俄国为俄国为俄国维尔戈俄国他个人提供二个" была Открыто
09 February 2024 10:47:56 - Задача "热韩国哦ir个itg俄进入各类如果欸人国家w;egdrgnjrgg热锅热热锅热个人体会为人体哦infrejf热锅iwegj人提供我ig为iteogwjeig为哦个欸国家诶喔人均高为iejg他如果他如果俄国我国台湾通过为俄国为俄国为俄国维尔戈俄国他个人提供二个" была Закрыто
09 February 2024 10:58:22 - Задача "二哦诶喔如果呢进入嗯进而" была Закрыто
09 February 2024 10:58:23 - Задача "任南京各刊物阿胶人嗯" была Закрыто
09 February 2024 10:58:57 - Задача "耐热健康嗯任副热锅" была Открыто
09 February 2024 10:58:58 - Задача "耐热健康嗯任副热锅" была Закрыто
09 February 2024 13:39:31 - Задача "耐热健康嗯任副热锅" была Открыто
09 February 2024 13:39:32 - Задача "耐热健康嗯任副热锅" была Закрыто
09 February 2024 14:00:03 - Задача "二哦诶喔如果呢进入嗯进而" была Открыто
09 February 2024 14:00:06 - Задача "热韩国哦ir个itg俄进入各类如果欸人国家w;egdrgnjrgg热锅热热锅热个人体会为人体哦infrejf热锅iwegj人提供我ig为iteogwjeig为哦个欸国家诶喔人均高为iejg他如果他如果俄国我国台湾通过为俄国为俄国为俄国维尔戈俄国他个人提供二个" была Открыто
09 February 2024 14:00:22 - Задача "热韩国哦ir个itg俄进入各类如果欸人国家w;egdrgnjrgg热锅热热锅热个人体会为人体哦infrejf热锅iwegj人提供我ig为iteogwjeig为哦个欸国家诶喔人均高为iejg他如果他如果俄国我国台湾通过为俄国为俄国为俄国维尔戈俄国他个人提供二个热韩国哦ir个itg俄进入各类如果欸人国家w;egdrgnjrgg热锅热热锅热个人体会为人体哦infrejf热锅iwegj人提供我ig为iteogwjeig为哦个欸国家诶喔人均高为iejg他如果他如果俄国我国台湾通过为俄国为俄国为俄国维尔戈俄国他个人提供二个热韩国哦ir个itg俄进入各类如果欸人国家w;egdrgnjrgg热锅热热锅热个人体会为人体哦infrejf热锅iwegj人提供我ig为iteogwjeig为哦个欸国家诶喔人均高为iejg他如果他如果俄国我国台湾通过为俄国为俄国为俄国维尔戈俄国他个人提供二个热韩国哦ir个itg俄进入各类如果欸人国家w;egdrgnjrgg热锅热热锅热个人体会为人体哦infrejf热锅iwegj人提供我ig为iteogwjeig为哦个欸国家诶喔人均高为iejg他如果他如果俄国我国台湾通过为俄国为俄国为俄国维尔戈俄国他个人提供二个" была Закрыто
09 February 2024 14:00:42 - Задача "热韩国哦ir个itg俄进入各类如果欸人国家w;egdrgnjrgg热锅热热锅热个人体会为人体哦infrejf热锅iwegj人提供我ig为iteogwjeig为哦个欸国家诶喔人均高为iejg他如果他如果俄国我国台湾通过为俄国为俄国为俄国维尔戈俄国他个人提供二个" была Закрыто
09 February 2024 14:00:45 - Задача "热韩国哦ir个itg俄进入各类如果欸人国家w;egdrgnjrgg热锅热热锅热个人体会为人体哦infrejf热锅iwegj人提供我ig为iteogwjeig为哦个欸国家诶喔人均高为iejg他如果他如果俄国我国台湾通过为俄国为俄国为俄国维尔戈俄国他个人提供二个热韩国哦ir个itg俄进入各类如果欸人国家w;egdrgnjrgg热锅热热锅热个人体会为人体哦infrejf热锅iwegj人提供我ig为iteogwjeig为哦个欸国家诶喔人均高为iejg他如果他如果俄国我国台湾通过为俄国为俄国为俄国维尔戈俄国他个人提供二个热韩国哦ir个itg俄进入各类如果欸人国家w;egdrgnjrgg热锅热热锅热个人体会为人体哦infrejf热锅iwegj人提供我ig为iteogwjeig为哦个欸国家诶喔人均高为iejg他如果他如果俄国我国台湾通过为俄国为俄国为俄国维尔戈俄国他个人提供二个热韩国哦ir个itg俄进入各类如果欸人国家w;egdrgnjrgg热锅热热锅热个人体会为人体哦infrejf热锅iwegj人提供我ig为iteogwjeig为哦个欸国家诶喔人均高为iejg他如果他如果俄国我国台湾通过为俄国为俄国为俄国维尔戈俄国他个人提供二个" была Открыто
